[LOG] System::create                           : Header version = 2.02.27. Current version = 2.02.27.
[LOG] Manager::init                            : maxchannels = 256 studioflags = 00000006 flags 00000000 extradriverdata 0000000000000000.
[LOG] SystemI::init                            : Initialize version=20227 (149235), maxchannels=256, flags=0x00020000
[LOG] SystemI::setOutputInternal               : Setting output to 'FMOD WASAPI Output'
[LOG] OutputWASAPI::init                       : Mix Format (WAVEFORMATEX): wFormatTag=0xFFFE, nChannels=2, nSamplesPerSec=48000, nAvgBytesPerSec=384000, nBlockAlign=8, wBitsPerSample=32, cbSize=22.
[LOG] OutputWASAPI::init                       : Mix Format (WAVEFORMATEXTENSIBLE): wValidBitsPerSample=32, dwChannelMask=0x00000003, SubFormat=00000003-0000-0010-8000-00AA00389B71.
[LOG] OutputWASAPI::init                       : Output buffer size: 4096 samples, latency: 0.00ms, period: 10.00ms, DSP buffer: 1024 * 4
[LOG] Thread::initThread                       : Init FMOD stream thread. Affinity: 0x4000000000000003, Priority: 0xFFFF7FFB, Stack Size: 98304, Semaphore: No, Sleep Time: 10, Looping: Yes.
[LOG] Thread::initThread                       : Init FMOD mixer thread. Affinity: 0x4000000000000001, Priority: 0xFFFF7FFA, Stack Size: 81920, Semaphore: No, Sleep Time: 0, Looping: Yes.
[LOG] AsyncManager::init                       : manager 00000244FCAB3988 isAsync 0 updatePeriod 0.02
[LOG] AsyncManager::init                       : done
[LOG] PlaybackSystem::init                     : 
[LOG] Thread::initThread                       : Init FMOD Studio sample load thread. Affinity: 0x4000000000000003, Priority: 0xFFFF7FFD, Stack Size: 98304, Semaphore: No, Sleep Time: 1, Looping: No.
[LOG] PlaybackSystem::init                     : done
[LOG] Thread::initThread                       : Init FMOD Studio bank load thread. Affinity: 0x4000000000000003, Priority: 0xFFFF7FFD, Stack Size: 98304, Semaphore: No, Sleep Time: 1, Looping: No.
[LOG] Manager::init                            : done.
[LOG] Manager::readBank                        : fileversion = 142, compatVersion = 140 (oldest = 44, newest = 142)
[LOG] Manager::readBank                        : fileversion = 142, compatVersion = 140 (oldest = 44, newest = 142)
[LOG] Manager::readBank                        : fileversion = 142, compatVersion = 140 (oldest = 44, newest = 142)
[LOG] PlaybackSystem::acquireMasterBus         : Setting master channel group format to 6
[LOG] Manager::readBank                        : fileversion = 142, compatVersion = 140 (oldest = 44, newest = 142)
[LOG] SystemI::createSoundInternal             : Create name='', mode=0x02000202
[LOG] SystemI::createSoundInternal             : exinfo->cbsize             = 224
[LOG] SystemI::createSoundInternal             : exinfo->length             = 25606624
[LOG] SystemI::createSoundInternal             : exinfo->fileoffset         = 46080
[LOG] SystemI::createSoundInternal             : exinfo->numsubsounds       = 1
[LOG] SystemI::createSoundInternal             : exinfo->inclusionlist      = 00000087039FEED8
[LOG] SystemI::createSoundInternal             : exinfo->inclusionlistnum   = 1
[LOG] SystemI::createSoundInternal             : exinfo->suggestedsoundtype = 5
[LOG] SystemI::createSoundInternal             : exinfo->useropen           = 00007FF82EE05B90
[LOG] SystemI::createSoundInternal             : exinfo->userclose          = 00007FF82EE05B50
[LOG] SystemI::createSoundInternal             : exinfo->userread           = 00007FF82EE05C70
[LOG] SystemI::createSoundInternal             : exinfo->userseek           = 00007FF82EE05D30
[LOG] SystemI::createSoundInternal             : exinfo->fileuserdata       = 00000245A85A71D8
[LOG] SystemI::createSoundInternal             : exinfo->initialseekpostype = 1
[LOG] SystemI::DSPCodecPoolRegister            : register codec pool for pool type 5
[LOG] SystemI::createSoundInternal             : Sample 0/1: name='PInLau00', format=5, channels=1, frequency=48000, lengthbytes=12480, lengthpcm=72583, pcmblocksize=0, loopstart=0, loopend=0, mode=0x00000000, channelmask=0x00000000, channelorder=0, peakvolume=0.993500.
[LOG] SoundI::release                          :  (0000024584158448)
[LOG] SoundI::release                          :     PInLau00 (00000245A3B91DF8)
[LOG] Thread::callback                         : FMOD Studio bank load thread finished.
[LOG] Thread::callback                         : FMOD Studio sample load thread finished.
[LOG] LiveUpdate::release                      : 
[LOG] LiveUpdate::reset                        : Reset connection (reason Disconnected)
[LOG] Thread::callback                         : FMOD stream thread finished.
[LOG] Thread::callback                         : FMOD mixer thread finished.
[LOG] SystemI::close                           : Closed.
[LOG] SoundI::release                          : Pulse and Clash 2 (00000244EB0FC738)
[LOG] SoundI::release                          :     Pulse and Clash 2 (00000245A3B893D8)
[LOG] SoundI::release                          :     Pulse and Clash 2 (00000244A5A96448)
[LOG] SoundI::release                          :  (0000024508AC68D8)
[LOG] SoundI::release                          :     scifi_mechanism_broken_08 (00000245A3BA86B8)
[LOG] SoundI::release                          :  (0000024508AC6318)
[LOG] SoundI::release                          :     Door1Opn (00000245A3BA0CD8)
[LOG] SoundI::release                          :  (0000024508AC7A18)
[LOG] SoundI::release                          :     Door2Opn (00000245A3B9E918)
[LOG] SoundI::release                          :  (0000024508AC5068)
[LOG] SoundI::release                          :     Door3Opn (00000245A3BA3718)
[LOG] SoundI::release                          :  (0000024508AC8148)
[LOG] SoundI::release                          :     Door4Opn (00000245A3BA11B8)
[LOG] SoundI::release                          :  (00000244FD0939C8)
[LOG] SoundI::release                          :     Door1Cls (00000245A3B8B938)
[LOG] SoundI::release                          :  (00000244FD094F58)
[LOG] SoundI::release                          :     Door2Cls (00000245A3B8A278)
[LOG] SoundI::release                          :  (00000244FD092438)
[LOG] SoundI::release                          :     Door3Cls (00000245A3B8C7D8)
[LOG] SoundI::release                          :  (00000244FD092718)
[LOG] SoundI::release                          :     Door4Cls (00000245A3B8E6B8)
[LOG] SoundI::release                          :  (00000244FD0915D8)
[LOG] SoundI::release                          :     Laser Pistol (00000245A3B8D818)
[LOG] SoundI::release                          :  (00000245F40BEFB8)
[LOG] SoundI::release                          :     scifi_weapon_blaster_mono_01 (00000245A3B8F218)
[LOG] SoundI::release                          :  (00000245F40C27C8)
[LOG] SoundI::release                          :     scifi_weapon_blaster_mono_02 (00000245A3B8BE18)
[LOG] SoundI::release                          :  (00000245F40CD448)
[LOG] SoundI::release                          :     scifi_weapon_blaster_mono_03 (00000245A3B8A758)
[LOG] SoundI::release                          :  (00000245F40CD728)
[LOG] SoundI::release                          :     scifi_weapon_blaster_mono_04 (00000245A3B89718)
[LOG] SoundI::release                          :  (00000245F40CA928)
[LOG] SoundI::release                          :     scifi_weapon_blaster_mono_05 (00000245A3B8CE58)
[LOG] SoundI::release                          :  (00000245F40BFF88)
[LOG] SoundI::release                          :     scifi_weapon_blaster_mono_06 (00000245A3B8D198)
[LOG] SoundI::release                          :  (00000245F40CDB78)
[LOG] SoundI::release                          :     scifi_weapon_blaster_mono_07 (00000245A3B89BF8)
[LOG] SoundI::release                          :  (00000245F40CC5E8)
[LOG] SoundI::release                          :     scifi_weapon_blaster_mono_08 (00000245A3B8CFF8)
[LOG] SoundI::release                          :  (00000245F40BF578)
[LOG] SoundI::release                          :     scifi_weapon_blaster_mono_09 (00000245A3B89F38)
[LOG] SoundI::release                          :  (00000245F40BF408)
[LOG] SoundI::release                          :     scifi_weapon_blaster_mono_10 (00000245A3B8BFB8)
[LOG] SoundI::release                          :  (00000245F40CD898)
[LOG] SoundI::release                          :     scifi_weapon_blaster_mono_11 (00000245A3B8F078)
[LOG] SoundI::release                          :  (00000245F40CC478)
[LOG] SoundI::release                          :     scifi_weapon_blaster_mono_12 (00000245A3B8EB98)
[LOG] SoundI::release                          :  (00000245F40C4E98)
[LOG] SoundI::release                          :     scifi_weapon_blaster_mono_13 (00000245A3B8A8F8)
[LOG] SoundI::release                          :  (000002451CFCE398)
[LOG] SoundI::release                          :     scifi_weapon_blaster_mono_14 (0000024544582BD8)
[LOG] SoundI::release                          :  (000002451CFD0D48)
[LOG] SoundI::release                          :     scifi_weapon_blaster_mono_15 (00000245445A6638)
[LOG] SoundI::release                          :  (000002451CFCF368)
[LOG] SoundI::release                          :     scifi_weapon_blaster_mono_16 (0000024544581378)
[LOG] SoundI::release                          :  (0000024550FC9798)
[LOG] SoundI::release                          :     Select13 (00000245A3B8D9B8)
[LOG] SoundI::release                          :  (0000024550FCA318)
[LOG] SoundI::release                          :     bleep01 (00000245A3BA5938)
[LOG] SoundI::release                          :  (0000024550FC73A8)
[LOG] SoundI::release                          :     bleep02 (00000245A3B8C498)
[LOG] SoundI::release                          :  (0000024550FC70C8)
[LOG] SoundI::release                          :     bleep03 (00000245A3B8AA98)
[LOG] SoundI::release                          :  (0000024550FCAE98)
[LOG] SoundI::release                          :     bleep04 (00000245A3BA6E58)
[LOG] SoundI::release                          :  (000002451CFCE678)
[LOG] SoundI::release                          :     laserb (00000245A3B94B78)
[LOG] Thread::callback                         : FMOD Studio update thread finished.
[LOG] Thread::callback                         : FMOD Studio bank load thread finished.
[LOG] Profile::disconnectAll                   : Profiler disconnecting all clients
[LOG] Thread::callback                         : FMOD Studio sample load thread finished.
[LOG] LiveUpdate::release                      : 
[LOG] LiveUpdate::reset                        : Reset connection (reason Disconnected)
[LOG] Thread::callback                         : FMOD stream thread finished.
[LOG] Thread::callback                         : FMOD mixer thread finished.
[LOG] Profile::disconnectAll                   : Profiler disconnecting all clients
[LOG] SystemI::close                           : Closed.
[LOG] Thread::callback                         : FMOD nonblocking thread (0) finished.
[LOG] Thread::callback                         : FMOD file thread finished.
